<?xml version="1.0" encoding="UTF-8"?>
<!-- Generated by org.testng.reporters.JUnitReportReporter -->
<testsuite hostname="Alokesh-PC" name="com.testcases.SecondTest" tests="2" failures="0" timestamp="2 Aug 2019 18:41:47 GMT" time="8.148" errors="0">
  <testcase name="parameterTest" time="1.041" classname="com.testcases.SecondTest"/>
  <testcase name="secondTest" time="7.107" classname="com.testcases.SecondTest"/>
</testsuite> <!-- com.testcases.SecondTest -->
